<?xml version="1.0" encoding="UTF-8"?>
<!-- Generated by org.testng.reporters.JUnitXMLReporter -->
<testsuite ignored="0" hostname="savita" failures="0" tests="9" name="Tests" time="92.896" errors="0" timestamp="2026-03-19T15:42:49 IST">
  <testcase classname="com.test.LoginPageTest" name="loginPageTitleTest" time="0.021"/>
  <testcase classname="com.test.LoginPageTest" name="loginTest" time="0.143"/>
  <testcase classname="com.test.OrderSearchPageTest" name="orderSearchTest" time="11.11"/>
  <testcase classname="com.test.OrderSearchPageTest" name="orderSearchTest" time="11.279"/>
  <testcase classname="com.test.OrderSearchPageTest" name="orderSearchTest" time="10.616"/>
  <testcase classname="com.test.OrderSearchPageTest" name="orderSearchTest" time="11.388"/>
  <testcase classname="com.test.OrderSearchPageTest" name="orderSearchTest" time="11.216"/>
  <testcase classname="com.test.OrderSearchPageTest" name="orderSearchTest" time="11.401"/>
  <testcase classname="com.test.OrderSearchPageTest" name="orderSearchTest" time="11.288"/>
</testsuite> <!-- Tests -->
