<?xml version="1.0" encoding="UTF-8"?>
<testng-results ignored="0" total="9" passed="9" failed="0" skipped="0">
  <reporter-output>
  </reporter-output>
  <suite started-at="2026-03-19T15:41:17 IST" name="TestSuite" finished-at="2026-03-19T15:42:49 IST" duration-ms="92896">
    <groups>
    </groups>
    <test started-at="2026-03-19T15:41:17 IST" name="Tests" finished-at="2026-03-19T15:42:49 IST" duration-ms="92896">
      <class name="com.test.OrderSearchPageTest">
        <test-method is-config="true" signature="setUp()[pri:0, instance:com.test.OrderSearchPageTest@7ce69770]" started-at="2026-03-19T15:41:21 IST" name="setUp" finished-at="2026-03-19T15:41:23 IST" duration-ms="1182" status="PASS">
          <reporter-output>
          </reporter-output>
        </test-method> <!-- setUp -->
        <test-method signature="orderSearchTest(java.lang.String,java.lang.String,java.lang.String)[pri:0, instance:com.test.OrderSearchPageTest@7ce69770]" started-at="2026-03-19T15:41:23 IST" name="orderSearchTest" data-provider="orderData" finished-at="2026-03-19T15:41:34 IST" duration-ms="11110" status="PASS">
          <params>
            <param index="0">
              <value>
                <![CDATA[orderId]]>
              </value>
            </param>
            <param index="1">
              <value>
                <![CDATA[1234]]>
              </value>
            </param>
            <param index="2">
              <value>
                <![CDATA[Created]]>
              </value>
            </param>
          </params>
          <reporter-output>
          </reporter-output>
        </test-method> <!-- orderSearchTest -->
        <test-method is-config="true" signature="tearDown()[pri:0, instance:com.test.OrderSearchPageTest@7ce69770]" started-at="2026-03-19T15:41:34 IST" name="tearDown" finished-at="2026-03-19T15:41:34 IST" duration-ms="155" status="PASS">
          <reporter-output>
          </reporter-output>
        </test-method> <!-- tearDown -->
        <test-method is-config="true" signature="setUp()[pri:0, instance:com.test.OrderSearchPageTest@7ce69770]" started-at="2026-03-19T15:41:34 IST" name="setUp" finished-at="2026-03-19T15:41:35 IST" duration-ms="1191" status="PASS">
          <reporter-output>
          </reporter-output>
        </test-method> <!-- setUp -->
        <test-method signature="orderSearchTest(java.lang.String,java.lang.String,java.lang.String)[pri:0, instance:com.test.OrderSearchPageTest@7ce69770]" started-at="2026-03-19T15:41:35 IST" name="orderSearchTest" data-provider="orderData" finished-at="2026-03-19T15:41:46 IST" duration-ms="11279" status="PASS">
          <params>
            <param index="0">
              <value>
                <![CDATA[orderId]]>
              </value>
            </param>
            <param index="1">
              <value>
                <![CDATA[5356]]>
              </value>
            </param>
            <param index="2">
              <value>
                <![CDATA[Created]]>
              </value>
            </param>
          </params>
          <reporter-output>
          </reporter-output>
        </test-method> <!-- orderSearchTest -->
        <test-method is-config="true" signature="tearDown()[pri:0, instance:com.test.OrderSearchPageTest@7ce69770]" started-at="2026-03-19T15:41:46 IST" name="tearDown" finished-at="2026-03-19T15:41:46 IST" duration-ms="225" status="PASS">
          <reporter-output>
          </reporter-output>
        </test-method> <!-- tearDown -->
        <test-method is-config="true" signature="setUp()[pri:0, instance:com.test.OrderSearchPageTest@7ce69770]" started-at="2026-03-19T15:41:46 IST" name="setUp" finished-at="2026-03-19T15:41:48 IST" duration-ms="1262" status="PASS">
          <reporter-output>
          </reporter-output>
        </test-method> <!-- setUp -->
        <test-method signature="orderSearchTest(java.lang.String,java.lang.String,java.lang.String)[pri:0, instance:com.test.OrderSearchPageTest@7ce69770]" started-at="2026-03-19T15:41:48 IST" name="orderSearchTest" data-provider="orderData" finished-at="2026-03-19T15:41:58 IST" duration-ms="10616" status="PASS">
          <params>
            <param index="0">
              <value>
                <![CDATA[orderId]]>
              </value>
            </param>
            <param index="1">
              <value>
                <![CDATA[4321]]>
              </value>
            </param>
            <param index="2">
              <value>
                <![CDATA[Created]]>
              </value>
            </param>
          </params>
          <reporter-output>
          </reporter-output>
        </test-method> <!-- orderSearchTest -->
        <test-method is-config="true" signature="tearDown()[pri:0, instance:com.test.OrderSearchPageTest@7ce69770]" started-at="2026-03-19T15:41:58 IST" name="tearDown" finished-at="2026-03-19T15:41:59 IST" duration-ms="155" status="PASS">
          <reporter-output>
          </reporter-output>
        </test-method> <!-- tearDown -->
        <test-method is-config="true" signature="setUp()[pri:0, instance:com.test.OrderSearchPageTest@7ce69770]" started-at="2026-03-19T15:41:59 IST" name="setUp" finished-at="2026-03-19T15:42:00 IST" duration-ms="1227" status="PASS">
          <reporter-output>
          </reporter-output>
        </test-method> <!-- setUp -->
        <test-method signature="orderSearchTest(java.lang.String,java.lang.String,java.lang.String)[pri:0, instance:com.test.OrderSearchPageTest@7ce69770]" started-at="2026-03-19T15:42:00 IST" name="orderSearchTest" data-provider="orderData" finished-at="2026-03-19T15:42:11 IST" duration-ms="11388" status="PASS">
          <params>
            <param index="0">
              <value>
                <![CDATA[orderId]]>
              </value>
            </param>
            <param index="1">
              <value>
                <![CDATA[2468]]>
              </value>
            </param>
            <param index="2">
              <value>
                <![CDATA[Created]]>
              </value>
            </param>
          </params>
          <reporter-output>
          </reporter-output>
        </test-method> <!-- orderSearchTest -->
        <test-method is-config="true" signature="tearDown()[pri:0, instance:com.test.OrderSearchPageTest@7ce69770]" started-at="2026-03-19T15:42:11 IST" name="tearDown" finished-at="2026-03-19T15:42:11 IST" duration-ms="184" status="PASS">
          <reporter-output>
          </reporter-output>
        </test-method> <!-- tearDown -->
        <test-method is-config="true" signature="setUp()[pri:0, instance:com.test.OrderSearchPageTest@7ce69770]" started-at="2026-03-19T15:42:11 IST" name="setUp" finished-at="2026-03-19T15:42:13 IST" duration-ms="1341" status="PASS">
          <reporter-output>
          </reporter-output>
        </test-method> <!-- setUp -->
        <test-method signature="orderSearchTest(java.lang.String,java.lang.String,java.lang.String)[pri:0, instance:com.test.OrderSearchPageTest@7ce69770]" started-at="2026-03-19T15:42:13 IST" name="orderSearchTest" data-provider="orderData" finished-at="2026-03-19T15:42:24 IST" duration-ms="11216" status="PASS">
          <params>
            <param index="0">
              <value>
                <![CDATA[orderId]]>
              </value>
            </param>
            <param index="1">
              <value>
                <![CDATA[111]]>
              </value>
            </param>
            <param index="2">
              <value>
                <![CDATA[Created]]>
              </value>
            </param>
          </params>
          <reporter-output>
          </reporter-output>
        </test-method> <!-- orderSearchTest -->
        <test-method is-config="true" signature="tearDown()[pri:0, instance:com.test.OrderSearchPageTest@7ce69770]" started-at="2026-03-19T15:42:24 IST" name="tearDown" finished-at="2026-03-19T15:42:24 IST" duration-ms="159" status="PASS">
          <reporter-output>
          </reporter-output>
        </test-method> <!-- tearDown -->
        <test-method is-config="true" signature="setUp()[pri:0, instance:com.test.OrderSearchPageTest@7ce69770]" started-at="2026-03-19T15:42:24 IST" name="setUp" finished-at="2026-03-19T15:42:25 IST" duration-ms="1194" status="PASS">
          <reporter-output>
          </reporter-output>
        </test-method> <!-- setUp -->
        <test-method signature="orderSearchTest(java.lang.String,java.lang.String,java.lang.String)[pri:0, instance:com.test.OrderSearchPageTest@7ce69770]" started-at="2026-03-19T15:42:25 IST" name="orderSearchTest" data-provider="orderData" finished-at="2026-03-19T15:42:37 IST" duration-ms="11401" status="PASS">
          <params>
            <param index="0">
              <value>
                <![CDATA[omsId]]>
              </value>
            </param>
            <param index="1">
              <value>
                <![CDATA[10110]]>
              </value>
            </param>
            <param index="2">
              <value>
                <![CDATA[Created]]>
              </value>
            </param>
          </params>
          <reporter-output>
          </reporter-output>
        </test-method> <!-- orderSearchTest -->
        <test-method is-config="true" signature="tearDown()[pri:0, instance:com.test.OrderSearchPageTest@7ce69770]" started-at="2026-03-19T15:42:37 IST" name="tearDown" finished-at="2026-03-19T15:42:37 IST" duration-ms="137" status="PASS">
          <reporter-output>
          </reporter-output>
        </test-method> <!-- tearDown -->
        <test-method is-config="true" signature="setUp()[pri:0, instance:com.test.OrderSearchPageTest@7ce69770]" started-at="2026-03-19T15:42:37 IST" name="setUp" finished-at="2026-03-19T15:42:38 IST" duration-ms="1190" status="PASS">
          <reporter-output>
          </reporter-output>
        </test-method> <!-- setUp -->
        <test-method signature="orderSearchTest(java.lang.String,java.lang.String,java.lang.String)[pri:0, instance:com.test.OrderSearchPageTest@7ce69770]" started-at="2026-03-19T15:42:38 IST" name="orderSearchTest" data-provider="orderData" finished-at="2026-03-19T15:42:49 IST" duration-ms="11288" status="PASS">
          <params>
            <param index="0">
              <value>
                <![CDATA[omsId]]>
              </value>
            </param>
            <param index="1">
              <value>
                <![CDATA[]]>
              </value>
            </param>
            <param index="2">
              <value>
                <![CDATA[]]>
              </value>
            </param>
          </params>
          <reporter-output>
          </reporter-output>
        </test-method> <!-- orderSearchTest -->
        <test-method is-config="true" signature="tearDown()[pri:0, instance:com.test.OrderSearchPageTest@7ce69770]" started-at="2026-03-19T15:42:49 IST" name="tearDown" finished-at="2026-03-19T15:42:49 IST" duration-ms="170" status="PASS">
          <reporter-output>
          </reporter-output>
        </test-method> <!-- tearDown -->
      </class> <!-- com.test.OrderSearchPageTest -->
      <class name="com.test.LoginPageTest">
        <test-method is-config="true" signature="setUp()[pri:0, instance:com.test.LoginPageTest@75d3a5e0]" started-at="2026-03-19T15:41:17 IST" name="setUp" finished-at="2026-03-19T15:41:19 IST" duration-ms="2415" status="PASS">
          <reporter-output>
          </reporter-output>
        </test-method> <!-- setUp -->
        <test-method signature="loginPageTitleTest()[pri:0, instance:com.test.LoginPageTest@75d3a5e0]" started-at="2026-03-19T15:41:19 IST" name="loginPageTitleTest" finished-at="2026-03-19T15:41:19 IST" duration-ms="21" status="PASS">
          <reporter-output>
          </reporter-output>
        </test-method> <!-- loginPageTitleTest -->
        <test-method is-config="true" signature="tearDown()[pri:0, instance:com.test.LoginPageTest@75d3a5e0]" started-at="2026-03-19T15:41:19 IST" name="tearDown" finished-at="2026-03-19T15:41:19 IST" duration-ms="393" status="PASS">
          <reporter-output>
          </reporter-output>
        </test-method> <!-- tearDown -->
        <test-method is-config="true" signature="setUp()[pri:0, instance:com.test.LoginPageTest@75d3a5e0]" started-at="2026-03-19T15:41:19 IST" name="setUp" finished-at="2026-03-19T15:41:20 IST" duration-ms="1088" status="PASS">
          <reporter-output>
          </reporter-output>
        </test-method> <!-- setUp -->
        <test-method signature="loginTest()[pri:0, instance:com.test.LoginPageTest@75d3a5e0]" started-at="2026-03-19T15:41:20 IST" name="loginTest" finished-at="2026-03-19T15:41:21 IST" duration-ms="143" status="PASS">
          <reporter-output>
          </reporter-output>
        </test-method> <!-- loginTest -->
        <test-method is-config="true" signature="tearDown()[pri:0, instance:com.test.LoginPageTest@75d3a5e0]" started-at="2026-03-19T15:41:21 IST" name="tearDown" finished-at="2026-03-19T15:41:21 IST" duration-ms="132" status="PASS">
          <reporter-output>
          </reporter-output>
        </test-method> <!-- tearDown -->
      </class> <!-- com.test.LoginPageTest -->
    </test> <!-- Tests -->
  </suite> <!-- TestSuite -->
</testng-results>
