<?xml version="1.0" encoding="UTF-8"?>
<testng-results ignored="0" total="2" passed="2" failed="0" skipped="0">
  <reporter-output>
  </reporter-output>
  <suite started-at="2026-04-25T20:20:08 IST" name="Default suite" finished-at="2026-04-25T20:20:13 IST" duration-ms="4798">
    <groups>
    </groups>
    <test started-at="2026-04-25T20:20:08 IST" name="Default test" finished-at="2026-04-25T20:20:13 IST" duration-ms="4798">
      <class name="com.test.LoginPageTest">
        <test-method is-config="true" signature="setUp()[pri:0, instance:com.test.LoginPageTest@15bb5034]" started-at="2026-04-25T20:20:08 IST" name="setUp" finished-at="2026-04-25T20:20:11 IST" duration-ms="2582" status="PASS">
          <reporter-output>
          </reporter-output>
        </test-method> <!-- setUp -->
        <test-method signature="loginPageTitleTest()[pri:0, instance:com.test.LoginPageTest@15bb5034]" started-at="2026-04-25T20:20:11 IST" name="loginPageTitleTest" finished-at="2026-04-25T20:20:11 IST" duration-ms="19" status="PASS">
          <reporter-output>
          </reporter-output>
        </test-method> <!-- loginPageTitleTest -->
        <test-method is-config="true" signature="tearDown()[pri:0, instance:com.test.LoginPageTest@15bb5034]" started-at="2026-04-25T20:20:11 IST" name="tearDown" finished-at="2026-04-25T20:20:11 IST" duration-ms="378" status="PASS">
          <reporter-output>
          </reporter-output>
        </test-method> <!-- tearDown -->
        <test-method is-config="true" signature="setUp()[pri:0, instance:com.test.LoginPageTest@15bb5034]" started-at="2026-04-25T20:20:11 IST" name="setUp" finished-at="2026-04-25T20:20:13 IST" duration-ms="1336" status="PASS">
          <reporter-output>
          </reporter-output>
        </test-method> <!-- setUp -->
        <test-method signature="loginTest()[pri:0, instance:com.test.LoginPageTest@15bb5034]" started-at="2026-04-25T20:20:13 IST" name="loginTest" finished-at="2026-04-25T20:20:13 IST" duration-ms="285" status="PASS">
          <reporter-output>
          </reporter-output>
        </test-method> <!-- loginTest -->
        <test-method is-config="true" signature="tearDown()[pri:0, instance:com.test.LoginPageTest@15bb5034]" started-at="2026-04-25T20:20:13 IST" name="tearDown" finished-at="2026-04-25T20:20:13 IST" duration-ms="157" status="PASS">
          <reporter-output>
          </reporter-output>
        </test-method> <!-- tearDown -->
      </class> <!-- com.test.LoginPageTest -->
    </test> <!-- Default test -->
  </suite> <!-- Default suite -->
</testng-results>
