<?xml version="1.0" encoding="UTF-8"?>
<!-- Generated by org.testng.reporters.JUnitReportReporter -->
<testsuite hostname="savita" failures="0" tests="7" name="com.test.OrderSearchPageTest" time="91.193" errors="0" timestamp="2026-04-25T13:15:43 IST" skipped="0">
  <testcase classname="com.test.OrderSearchPageTest" name="orderSearchTest" time="12.631"/>
  <testcase classname="com.test.OrderSearchPageTest" name="orderSearchTest" time="12.148"/>
  <testcase classname="com.test.OrderSearchPageTest" name="orderSearchTest" time="13.011"/>
  <testcase classname="com.test.OrderSearchPageTest" name="orderSearchTest" time="12.805"/>
  <testcase classname="com.test.OrderSearchPageTest" name="orderSearchTest" time="15.287"/>
  <testcase classname="com.test.OrderSearchPageTest" name="orderSearchTest" time="12.512"/>
  <testcase classname="com.test.OrderSearchPageTest" name="orderSearchTest" time="12.799"/>
</testsuite> <!-- com.test.OrderSearchPageTest -->
