<?xml version="1.0" encoding="UTF-8"?>
<!-- Generated by org.testng.reporters.JUnitReportReporter -->
<testsuite hostname="savita" failures="0" tests="7" name="com.test.OrderSearchPageTest" time="88.070" errors="0" timestamp="2026-03-19T15:42:49 IST" skipped="0">
  <testcase classname="com.test.OrderSearchPageTest" name="orderSearchTest" time="12.694"/>
  <testcase classname="com.test.OrderSearchPageTest" name="orderSearchTest" time="12.754"/>
  <testcase classname="com.test.OrderSearchPageTest" name="orderSearchTest" time="12.648"/>
  <testcase classname="com.test.OrderSearchPageTest" name="orderSearchTest" time="11.998"/>
  <testcase classname="com.test.OrderSearchPageTest" name="orderSearchTest" time="12.628"/>
  <testcase classname="com.test.OrderSearchPageTest" name="orderSearchTest" time="12.526"/>
  <testcase classname="com.test.OrderSearchPageTest" name="orderSearchTest" time="12.822"/>
</testsuite> <!-- com.test.OrderSearchPageTest -->
