<?xml version="1.0" encoding="UTF-8"?>
<!-- Generated by org.testng.reporters.JUnitXMLReporter -->
<testsuite ignored="0" hostname="savita" failures="0" tests="7" name="Default test" time="94.171" errors="0" timestamp="2026-03-19T14:19:49 IST">
  <testcase classname="com.test.OrderSearchPageTest" name="orderSearchTest" time="10.599"/>
  <testcase classname="com.test.OrderSearchPageTest" name="orderSearchTest" time="10.62"/>
  <testcase classname="com.test.OrderSearchPageTest" name="orderSearchTest" time="11.178"/>
  <testcase classname="com.test.OrderSearchPageTest" name="orderSearchTest" time="11.216"/>
  <testcase classname="com.test.OrderSearchPageTest" name="orderSearchTest" time="11.032"/>
  <testcase classname="com.test.OrderSearchPageTest" name="orderSearchTest" time="11.282"/>
  <testcase classname="com.test.OrderSearchPageTest" name="orderSearchTest" time="10.697"/>
</testsuite> <!-- Default test -->
